<?xml version="1.0" encoding="UTF-8"?>
<testsuite xmlns:xsi="http://www.w3.org/2001/XMLSchema-instance" xsi:noNamespaceSchemaLocation="https://maven.apache.org/surefire/maven-surefire-plugin/xsd/surefire-test-report.xsd" name="br.edu.ifpr.teste.servico.calendario.TesteCalendario" time="0.149" tests="28" errors="0" skipped="0" failures="0">
  <properties>
    <property name="java.specification.version" value="21"/>
    <property name="sun.cpu.isalist" value="amd64"/>
    <property name="sun.jnu.encoding" value="Cp1252"/>
    <property name="java.class.path" value="D:\01_Documentos\02_Faculdade\04_4oAno\Testes_03\Testes03\target\test-classes;D:\01_Documentos\02_Faculdade\04_4oAno\Testes_03\Testes03\target\classes;C:\Users\ribei\.m2\repository\org\junit\jupiter\junit-jupiter\5.8.2\junit-jupiter-5.8.2.jar;C:\Users\ribei\.m2\repository\org\junit\jupiter\junit-jupiter-api\5.8.2\junit-jupiter-api-5.8.2.jar;C:\Users\ribei\.m2\repository\org\opentest4j\opentest4j\1.2.0\opentest4j-1.2.0.jar;C:\Users\ribei\.m2\repository\org\junit\platform\junit-platform-commons\1.8.2\junit-platform-commons-1.8.2.jar;C:\Users\ribei\.m2\repository\org\apiguardian\apiguardian-api\1.1.2\apiguardian-api-1.1.2.jar;C:\Users\ribei\.m2\repository\org\junit\jupiter\junit-jupiter-params\5.8.2\junit-jupiter-params-5.8.2.jar;C:\Users\ribei\.m2\repository\org\junit\jupiter\junit-jupiter-engine\5.8.2\junit-jupiter-engine-5.8.2.jar;C:\Users\ribei\.m2\repository\org\junit\platform\junit-platform-engine\1.8.2\junit-platform-engine-1.8.2.jar;"/>
    <property name="java.vm.vendor" value="Oracle Corporation"/>
    <property name="sun.arch.data.model" value="64"/>
    <property name="user.variant" value=""/>
    <property name="java.vendor.url" value="https://java.oracle.com/"/>
    <property name="user.timezone" value="America/Sao_Paulo"/>
    <property name="os.name" value="Windows 11"/>
    <property name="java.vm.specification.version" value="21"/>
    <property name="sun.java.launcher" value="SUN_STANDARD"/>
    <property name="user.country" value="BR"/>
    <property name="sun.boot.library.path" value="C:\Program Files\Java\jdk-21\bin"/>
    <property name="sun.java.command" value="C:\Users\ribei\AppData\Local\Temp\surefire16579838631417788486\surefirebooter3994721510058308444.jar C:\Users\ribei\AppData\Local\Temp\surefire16579838631417788486 2025-05-21T01-46-47_189-jvmRun1 surefire4928602395802215897tmp surefire_010919181071030163230tmp"/>
    <property name="jdk.debug" value="release"/>
    <property name="test" value="TesteCalendario"/>
    <property name="surefire.test.class.path" value="D:\01_Documentos\02_Faculdade\04_4oAno\Testes_03\Testes03\target\test-classes;D:\01_Documentos\02_Faculdade\04_4oAno\Testes_03\Testes03\target\classes;C:\Users\ribei\.m2\repository\org\junit\jupiter\junit-jupiter\5.8.2\junit-jupiter-5.8.2.jar;C:\Users\ribei\.m2\repository\org\junit\jupiter\junit-jupiter-api\5.8.2\junit-jupiter-api-5.8.2.jar;C:\Users\ribei\.m2\repository\org\opentest4j\opentest4j\1.2.0\opentest4j-1.2.0.jar;C:\Users\ribei\.m2\repository\org\junit\platform\junit-platform-commons\1.8.2\junit-platform-commons-1.8.2.jar;C:\Users\ribei\.m2\repository\org\apiguardian\apiguardian-api\1.1.2\apiguardian-api-1.1.2.jar;C:\Users\ribei\.m2\repository\org\junit\jupiter\junit-jupiter-params\5.8.2\junit-jupiter-params-5.8.2.jar;C:\Users\ribei\.m2\repository\org\junit\jupiter\junit-jupiter-engine\5.8.2\junit-jupiter-engine-5.8.2.jar;C:\Users\ribei\.m2\repository\org\junit\platform\junit-platform-engine\1.8.2\junit-platform-engine-1.8.2.jar;"/>
    <property name="sun.cpu.endian" value="little"/>
    <property name="user.home" value="C:\Users\ribei"/>
    <property name="user.language" value="pt"/>
    <property name="java.specification.vendor" value="Oracle Corporation"/>
    <property name="java.version.date" value="2024-01-16"/>
    <property name="java.home" value="C:\Program Files\Java\jdk-21"/>
    <property name="file.separator" value="\"/>
    <property name="basedir" value="D:\01_Documentos\02_Faculdade\04_4oAno\Testes_03\Testes03"/>
    <property name="java.vm.compressedOopsMode" value="Zero based"/>
    <property name="line.separator" value="&#10;"/>
    <property name="java.vm.specification.vendor" value="Oracle Corporation"/>
    <property name="java.specification.name" value="Java Platform API Specification"/>
    <property name="surefire.real.class.path" value="C:\Users\ribei\AppData\Local\Temp\surefire16579838631417788486\surefirebooter3994721510058308444.jar"/>
    <property name="user.script" value=""/>
    <property name="sun.management.compiler" value="HotSpot 64-Bit Tiered Compilers"/>
    <property name="java.runtime.version" value="21.0.2+13-LTS-58"/>
    <property name="user.name" value="ribei"/>
    <property name="stdout.encoding" value="Cp1252"/>
    <property name="path.separator" value=";"/>
    <property name="os.version" value="10.0"/>
    <property name="java.runtime.name" value="Java(TM) SE Runtime Environment"/>
    <property name="file.encoding" value="UTF-8"/>
    <property name="java.vm.name" value="Java HotSpot(TM) 64-Bit Server VM"/>
    <property name="localRepository" value="C:\Users\ribei\.m2\repository"/>
    <property name="java.vendor.url.bug" value="https://bugreport.java.com/bugreport/"/>
    <property name="java.io.tmpdir" value="C:\Users\ribei\AppData\Local\Temp\"/>
    <property name="java.version" value="21.0.2"/>
    <property name="user.dir" value="D:\01_Documentos\02_Faculdade\04_4oAno\Testes_03\Testes03"/>
    <property name="os.arch" value="amd64"/>
    <property name="java.vm.specification.name" value="Java Virtual Machine Specification"/>
    <property name="sun.os.patch.level" value=""/>
    <property name="native.encoding" value="Cp1252"/>
    <property name="java.library.path" value="C:\Program Files\Java\jdk-21\bin;C:\WINDOWS\Sun\Java\bin;C:\WINDOWS\system32;C:\WINDOWS;C:\Program Files\Common Files\Oracle\Java\javapath;C:\WINDOWS\system32;C:\WINDOWS;C:\WINDOWS\System32\Wbem;C:\WINDOWS\System32\WindowsPowerShell\v1.0\;C:\WINDOWS\System32\OpenSSH\;C:\Program Files\dotnet\;C:\Program Files (x86)\NVIDIA Corporation\PhysX\Common;C:\Program Files\Microsoft SQL Server\150\Tools\Binn\;C:\Program Files\Microsoft SQL Server\Client SDK\ODBC\170\Tools\Binn\;C:\Program Files\Git\cmd;C:\Users\ribei\Documents\flutter_windows_3.22.0-stable\flutter\bin;C:\Program Files\nodejs\;C:\Program Files (x86)\Windows Kits\10\Windows Performance Toolkit\;C:\Program Files\NVIDIA Corporation\NVIDIA app\NvDLISR;C:\Program Files\Tailscale\;C:\Users\ribei\AppData\Local\Programs\Python\Python313\Scripts\;C:\Users\ribei\AppData\Local\Programs\Python\Python313\;C:\Users\ribei\AppData\Local\Programs\Python\Python312\Scripts\;C:\Users\ribei\AppData\Local\Programs\Python\Python312\;C:\Users\ribei\AppData\Local\Microsoft\WindowsApps;C:\Users\ribei\AppData\Local\Programs\Microsoft VS Code\bin;C:\Users\ribei\AppData\Roaming\npm;C:\Users\ribei\.dotnet\tools;C:\Users\ribei\Documents\apache-maven-3.9.9-bin\apache-maven-3.9.9\bin;;c:\Users\ribei\AppData\Roaming\Code\User\globalStorage\github.copilot-chat\debugCommand;."/>
    <property name="java.vm.info" value="mixed mode, sharing"/>
    <property name="stderr.encoding" value="Cp1252"/>
    <property name="java.vendor" value="Oracle Corporation"/>
    <property name="java.vm.version" value="21.0.2+13-LTS-58"/>
    <property name="sun.io.unicode.encoding" value="UnicodeLittle"/>
    <property name="java.class.version" value="65.0"/>
  </properties>
  <testcase name="testAnoValido" classname="br.edu.ifpr.teste.servico.calendario.TesteCalendario" time="0.062"/>
  <testcase name="testMesComZeroEsquerda" classname="br.edu.ifpr.teste.servico.calendario.TesteCalendario" time="0.005"/>
  <testcase name="testMesValidoAnoInvalido" classname="br.edu.ifpr.teste.servico.calendario.TesteCalendario" time="0.005"/>
  <testcase name="testMesAcimaDoLimite" classname="br.edu.ifpr.teste.servico.calendario.TesteCalendario" time="0.002"/>
  <testcase name="testSemParametros" classname="br.edu.ifpr.teste.servico.calendario.TesteCalendario" time="0.002"/>
  <testcase name="testMesEAnoNaoNumericos" classname="br.edu.ifpr.teste.servico.calendario.TesteCalendario" time="0.001"/>
  <testcase name="testAnoAcimaDoLimite" classname="br.edu.ifpr.teste.servico.calendario.TesteCalendario" time="0.002"/>
  <testcase name="testMesLimiteInferior" classname="br.edu.ifpr.teste.servico.calendario.TesteCalendario" time="0.001"/>
  <testcase name="testMesAbaixoDoLimite" classname="br.edu.ifpr.teste.servico.calendario.TesteCalendario" time="0.002"/>
  <testcase name="imprimeJaneiro2025" classname="br.edu.ifpr.teste.servico.calendario.TesteCalendario" time="0.01"/>
  <testcase name="testMesAposReforma" classname="br.edu.ifpr.teste.servico.calendario.TesteCalendario" time="0.002"/>
  <testcase name="testAnoNegativo" classname="br.edu.ifpr.teste.servico.calendario.TesteCalendario" time="0.002"/>
  <testcase name="testMultiplosParametrosExtras" classname="br.edu.ifpr.teste.servico.calendario.TesteCalendario" time="0.001"/>
  <testcase name="testAnoComReforma" classname="br.edu.ifpr.teste.servico.calendario.TesteCalendario" time="0.003"/>
  <testcase name="testMesEAnoInvalidos" classname="br.edu.ifpr.teste.servico.calendario.TesteCalendario" time="0.001"/>
  <testcase name="testReformaGregorianaSeptember1752" classname="br.edu.ifpr.teste.servico.calendario.TesteCalendario" time="0.008"/>
  <testcase name="testMesAntesReforma" classname="br.edu.ifpr.teste.servico.calendario.TesteCalendario" time="0.001"/>
  <testcase name="testAnoNaoNumerico" classname="br.edu.ifpr.teste.servico.calendario.TesteCalendario" time="0.001"/>
  <testcase name="testAnoLimiteSuperior" classname="br.edu.ifpr.teste.servico.calendario.TesteCalendario" time="0.004"/>
  <testcase name="testMesAnoValidos" classname="br.edu.ifpr.teste.servico.calendario.TesteCalendario" time="0.001"/>
  <testcase name="testMesLimiteSuperior" classname="br.edu.ifpr.teste.servico.calendario.TesteCalendario" time="0.001"/>
  <testcase name="testMesNaoNumerico" classname="br.edu.ifpr.teste.servico.calendario.TesteCalendario" time="0.001"/>
  <testcase name="testAnoComApenasDigitos" classname="br.edu.ifpr.teste.servico.calendario.TesteCalendario" time="0.003"/>
  <testcase name="testAnoLimiteInferior" classname="br.edu.ifpr.teste.servico.calendario.TesteCalendario" time="0.002"/>
  <testcase name="testAnoComZerosEsquerda" classname="br.edu.ifpr.teste.servico.calendario.TesteCalendario" time="0.002"/>
  <testcase name="testAnoAbaixoDoLimite" classname="br.edu.ifpr.teste.servico.calendario.TesteCalendario" time="0.001"/>
  <testcase name="testMesNegativo" classname="br.edu.ifpr.teste.servico.calendario.TesteCalendario" time="0.001"/>
  <testcase name="testParametrosExtras" classname="br.edu.ifpr.teste.servico.calendario.TesteCalendario" time="0.001"/>
</testsuite>